{
  "stats": {
    "suites": 13,
    "tests": 33,
    "passes": 24,
    "pending": 0,
    "failures": 9,
    "start": "2018-08-28T11:15:47.430Z",
    "end": "2018-08-28T11:18:54.082Z",
    "duration": 186652,
    "testsRegistered": 33,
    "passPercent": 72.7,
    "pendingPercent": 0,
    "other": 0,
    "hasOther": false,
    "skipped": 0,
    "hasSkipped": false,
    "passPercentClass": "warning",
    "pendingPercentClass": "danger"
  },
  "suites": {
    "uuid": "b1e22110-fa2b-4a66-a718-8f26a8701618",
    "title": "",
    "fullFile": "",
    "file": "",
    "beforeHooks": [],
    "afterHooks": [],
    "tests": [],
    "suites": [
      {
        "uuid": "b08ed780-ad7c-4ab0-bb77-1c4515f787b4",
        "title": "Dermalogica App translations",
        "fullFile": "/Users/rahulmittapalli/Desktop/mochaChai/test/ApptranslationsbyCC.js",
        "file": "/test/ApptranslationsbyCC.js",
        "beforeHooks": [],
        "afterHooks": [],
        "tests": [
          {
            "title": "Open App translations by CountryCode",
            "fullTitle": "Dermalogica App translations Open App translations by CountryCode",
            "timedOut": false,
            "duration": 8386,
            "state": "passed",
            "speed": "slow",
            "pass": true,
            "fail": false,
            "pending": false,
            "code": "var key = \"ef75a003-8dff-4698-8e3a-445ef976b2f1\";\nvar countryName = \"CA\";\nvar subPath = \"/open/getTranslations/\" + countryName;\nvar inputvalues = fun.input(key, subPath);\nfun.app_requester(inputvalues, done);",
            "err": {},
            "isRoot": false,
            "uuid": "ec8b8305-e131-4826-9316-01343dcb5c68",
            "isHook": false,
            "skipped": false
          }
        ],
        "suites": [],
        "passes": [
          "ec8b8305-e131-4826-9316-01343dcb5c68"
        ],
        "failures": [],
        "pending": [],
        "skipped": [],
        "duration": 8386,
        "root": false,
        "rootEmpty": false,
        "_timeout": 10000
      },
      {
        "uuid": "5d94a6d9-e6c1-46e0-9c5d-238736a14921",
        "title": "Dermalogica App translations",
        "fullFile": "/Users/rahulmittapalli/Desktop/mochaChai/test/ApptranslationsbyLC.js",
        "file": "/test/ApptranslationsbyLC.js",
        "beforeHooks": [],
        "afterHooks": [],
        "tests": [
          {
            "title": "Open App translations By LanguageCode",
            "fullTitle": "Dermalogica App translations Open App translations By LanguageCode",
            "timedOut": true,
            "duration": 10006,
            "state": "failed",
            "pass": false,
            "fail": true,
            "pending": false,
            "code": "var key = \"ef75a003-8dff-4698-8e3a-445ef976b2f1\";\nvar langCode = \"en-US\";\nvar subPath = \"/open/getTranslations/lang/\" + langCode;\nvar inputvalues = fun.input(key, subPath);\nfun.app_requester(inputvalues, done);",
            "err": {
              "message": "Error: Timeout of 10000ms exceeded. For async tests and hooks, ensure \"done()\" is called; if returning a Promise, ensure it resolves.",
              "estack": "Error: Timeout of 10000ms exceeded. For async tests and hooks, ensure \"done()\" is called; if returning a Promise, ensure it resolves."
            },
            "isRoot": false,
            "uuid": "da9bf37f-13e4-4b8a-b88d-a160c2df9500",
            "isHook": false,
            "skipped": false
          }
        ],
        "suites": [],
        "passes": [],
        "failures": [
          "da9bf37f-13e4-4b8a-b88d-a160c2df9500"
        ],
        "pending": [],
        "skipped": [],
        "duration": 10006,
        "root": false,
        "rootEmpty": false,
        "_timeout": 10000
      },
      {
        "uuid": "8bd6bc03-7bdc-4266-aa4b-78f432c9a287",
        "title": "Dermalogica Open Countries valid",
        "fullFile": "/Users/rahulmittapalli/Desktop/mochaChai/test/countryvalid.js",
        "file": "/test/countryvalid.js",
        "beforeHooks": [],
        "afterHooks": [],
        "tests": [
          {
            "title": "Open countries Face Mapping Consumer",
            "fullTitle": "Dermalogica Open Countries valid Open countries Face Mapping Consumer",
            "timedOut": false,
            "duration": 4300,
            "state": "passed",
            "speed": "slow",
            "pass": true,
            "fail": false,
            "pending": false,
            "code": "var key = \"ef75a003-8dff-4698-8e3a-445ef976b2f1\";\n//console.log(subPath);\nvar inputvalues = fun.input(key, subPath);\nfun.country_requester(inputvalues, done);",
            "err": {},
            "isRoot": false,
            "uuid": "9e242084-ec46-4a6b-bd94-a1ef60369140",
            "isHook": false,
            "skipped": false
          },
          {
            "title": "Open countries Face Mapping Trade",
            "fullTitle": "Dermalogica Open Countries valid Open countries Face Mapping Trade",
            "timedOut": false,
            "duration": 3577,
            "state": "passed",
            "speed": "slow",
            "pass": true,
            "fail": false,
            "pending": false,
            "code": "var key = \"9881d86c-65f1-447d-aa7f-31bcb9381f65\";\nvar inputvalues = fun.input(key, subPath);\nfun.country_requester(inputvalues, done);",
            "err": {},
            "isRoot": false,
            "uuid": "4eaf41a0-4c18-4ccb-b50a-8493acc1511b",
            "isHook": false,
            "skipped": false
          },
          {
            "title": "Open countries BioLumin-C",
            "fullTitle": "Dermalogica Open Countries valid Open countries BioLumin-C",
            "timedOut": false,
            "duration": 2716,
            "state": "passed",
            "speed": "slow",
            "pass": true,
            "fail": false,
            "pending": false,
            "code": "var key = \"f960530a-ba6f-463c-8f00-46e2071490f7\";\nvar inputvalues = fun.input(key, subPath);\nfun.country_requester(inputvalues, done);",
            "err": {},
            "isRoot": false,
            "uuid": "d11fdf47-eabc-4924-b112-533867f78ad6",
            "isHook": false,
            "skipped": false
          },
          {
            "title": "Open countries Rapid Reveal",
            "fullTitle": "Dermalogica Open Countries valid Open countries Rapid Reveal",
            "timedOut": false,
            "duration": 1216,
            "state": "passed",
            "speed": "slow",
            "pass": true,
            "fail": false,
            "pending": false,
            "code": "var key = \"54d8f9eb-c0fc-4dee-a55b-3abde4e0c94e\";\nvar inputvalues = fun.input(key, subPath);\nfun.country_requester(inputvalues, done);",
            "err": {},
            "isRoot": false,
            "uuid": "1ccdccea-2aa1-44f5-a6df-847e1b72761e",
            "isHook": false,
            "skipped": false
          },
          {
            "title": "Open countries FaceMapping.com",
            "fullTitle": "Dermalogica Open Countries valid Open countries FaceMapping.com",
            "timedOut": false,
            "duration": 2744,
            "state": "passed",
            "speed": "slow",
            "pass": true,
            "fail": false,
            "pending": false,
            "code": "var key = \"5d24a390-b66e-4780-8d02-907bef2f778f\";\nvar inputvalues = fun.input(key, subPath);\nfun.country_requester(inputvalues, done);",
            "err": {},
            "isRoot": false,
            "uuid": "65a4ff6a-5091-42f1-b91e-40abfa4fe74b",
            "isHook": false,
            "skipped": false
          },
          {
            "title": "Open countries Breakout predictor",
            "fullTitle": "Dermalogica Open Countries valid Open countries Breakout predictor",
            "timedOut": false,
            "duration": 4075,
            "state": "passed",
            "speed": "slow",
            "pass": true,
            "fail": false,
            "pending": false,
            "code": "var key = \"fbab80c2-362f-468e-98ab-7baa46e96874\";\nvar inputvalues = fun.input(key, subPath);\nfun.country_requester(inputvalues, done);",
            "err": {},
            "isRoot": false,
            "uuid": "81da4ac4-5a43-4ac1-b5a9-8a0f212358ad",
            "isHook": false,
            "skipped": false
          }
        ],
        "suites": [],
        "passes": [
          "9e242084-ec46-4a6b-bd94-a1ef60369140",
          "4eaf41a0-4c18-4ccb-b50a-8493acc1511b",
          "d11fdf47-eabc-4924-b112-533867f78ad6",
          "1ccdccea-2aa1-44f5-a6df-847e1b72761e",
          "65a4ff6a-5091-42f1-b91e-40abfa4fe74b",
          "81da4ac4-5a43-4ac1-b5a9-8a0f212358ad"
        ],
        "failures": [],
        "pending": [],
        "skipped": [],
        "duration": 18628,
        "root": false,
        "rootEmpty": false,
        "_timeout": 10000
      },
      {
        "uuid": "7aa23bed-e86a-44e3-92f9-832fed1b42a5",
        "title": "Dermalogica Open list",
        "fullFile": "/Users/rahulmittapalli/Desktop/mochaChai/test/list.js",
        "file": "/test/list.js",
        "beforeHooks": [],
        "afterHooks": [],
        "tests": [
          {
            "title": "Open list Face Mapping Consumer",
            "fullTitle": "Dermalogica Open list Open list Face Mapping Consumer",
            "timedOut": false,
            "duration": 3026,
            "state": "passed",
            "speed": "slow",
            "pass": true,
            "fail": false,
            "pending": false,
            "code": "var key = \"ef75a003-8dff-4698-8e3a-445ef976b2f1\";\nvar inputvalues = fun.input(key, subPath);\nfun.list_requester(inputvalues, done);",
            "err": {},
            "isRoot": false,
            "uuid": "a90d7da7-f6a8-461b-96f2-32d8bfae83ad",
            "isHook": false,
            "skipped": false
          },
          {
            "title": "Open list Face Mapping Trade",
            "fullTitle": "Dermalogica Open list Open list Face Mapping Trade",
            "timedOut": false,
            "duration": 1743,
            "state": "passed",
            "speed": "slow",
            "pass": true,
            "fail": false,
            "pending": false,
            "code": "var key = \"9881d86c-65f1-447d-aa7f-31bcb9381f65\";\n//console.log(subPath);\nvar inputvalues = fun.input(key, subPath);\nfun.list_requester(inputvalues, done);",
            "err": {},
            "isRoot": false,
            "uuid": "a8eace41-a29d-4194-8e21-070ed744c198",
            "isHook": false,
            "skipped": false
          },
          {
            "title": "Open list BioLumin-C",
            "fullTitle": "Dermalogica Open list Open list BioLumin-C",
            "timedOut": false,
            "duration": 3330,
            "state": "passed",
            "speed": "slow",
            "pass": true,
            "fail": false,
            "pending": false,
            "code": "var key = \"f960530a-ba6f-463c-8f00-46e2071490f7\";\n//console.log(subPath);\nvar inputvalues = fun.input(key, subPath);\nfun.list_requester(inputvalues, done);",
            "err": {},
            "isRoot": false,
            "uuid": "41548ed6-f46a-4bbe-be60-c31303ab8e34",
            "isHook": false,
            "skipped": false
          },
          {
            "title": "Open list Rapid Reveal",
            "fullTitle": "Dermalogica Open list Open list Rapid Reveal",
            "timedOut": false,
            "duration": 5236,
            "state": "passed",
            "speed": "slow",
            "pass": true,
            "fail": false,
            "pending": false,
            "code": "var key = \"54d8f9eb-c0fc-4dee-a55b-3abde4e0c94e\";\n//console.log(subPath);\nvar inputvalues = fun.input(key, subPath);\nfun.list_requester(inputvalues, done);",
            "err": {},
            "isRoot": false,
            "uuid": "f78b404d-ada6-4e59-a4b4-571124ca47df",
            "isHook": false,
            "skipped": false
          },
          {
            "title": "Open list FaceMapping.com",
            "fullTitle": "Dermalogica Open list Open list FaceMapping.com",
            "timedOut": false,
            "duration": 3045,
            "state": "passed",
            "speed": "slow",
            "pass": true,
            "fail": false,
            "pending": false,
            "code": "var key = \"5d24a390-b66e-4780-8d02-907bef2f778f\";\n//console.log(subPath);\nvar inputvalues = fun.input(key, subPath);\nfun.list_requester(inputvalues, done);",
            "err": {},
            "isRoot": false,
            "uuid": "c2b1c906-d45f-4dbc-9d92-5fd6a2c25018",
            "isHook": false,
            "skipped": false
          },
          {
            "title": "Open matrix Breakout predictor",
            "fullTitle": "Dermalogica Open list Open matrix Breakout predictor",
            "timedOut": false,
            "duration": 0,
            "state": "failed",
            "pass": false,
            "fail": true,
            "pending": false,
            "code": "var key = \"fbab80c2-362f-468e-98ab-7baa46e96874\";\n//console.log(subPath);\nvar inputvalues = fun.input(key, subPath);\nfun.list_requester(inputvalues, done);",
            "err": {
              "message": "AssertionError: expected 0 to be above 1",
              "estack": "AssertionError: expected 0 to be above 1\n    at list_parameters (test/main.js:147:97)\n    at list_callback (test/main.js:79:5)\n    at Request._callback (test/main.js:86:5)\n    at Request.self.callback (node_modules/request/request.js:185:22)\n    at Request.<anonymous> (node_modules/request/request.js:1161:10)\n    at IncomingMessage.<anonymous> (node_modules/request/request.js:1083:12)\n    at endReadableNT (_stream_readable.js:1064:12)\n    at _combinedTickCallback (internal/process/next_tick.js:138:11)\n    at process._tickCallback (internal/process/next_tick.js:180:9)",
              "diff": "- 0\n+ 1\n"
            },
            "isRoot": false,
            "uuid": "6b6fcf15-89da-4fc7-87a4-83a652306930",
            "isHook": false,
            "skipped": false
          }
        ],
        "suites": [],
        "passes": [
          "a90d7da7-f6a8-461b-96f2-32d8bfae83ad",
          "a8eace41-a29d-4194-8e21-070ed744c198",
          "41548ed6-f46a-4bbe-be60-c31303ab8e34",
          "f78b404d-ada6-4e59-a4b4-571124ca47df",
          "c2b1c906-d45f-4dbc-9d92-5fd6a2c25018"
        ],
        "failures": [
          "6b6fcf15-89da-4fc7-87a4-83a652306930"
        ],
        "pending": [],
        "skipped": [],
        "duration": null,
        "root": false,
        "rootEmpty": false,
        "_timeout": 60000
      },
      {
        "uuid": "6c49d64c-6972-4d3d-bdf2-980f2bfd8a22",
        "title": "Dermalogica Open List",
        "fullFile": "/Users/rahulmittapalli/Desktop/mochaChai/test/listbyID.js",
        "file": "/test/listbyID.js",
        "beforeHooks": [],
        "afterHooks": [],
        "tests": [
          {
            "title": "Face Mapping Consumer By ID",
            "fullTitle": "Dermalogica Open List Face Mapping Consumer By ID",
            "timedOut": false,
            "duration": 5586,
            "state": "passed",
            "speed": "slow",
            "pass": true,
            "fail": false,
            "pending": false,
            "code": "var count;\nvar key = \"fbab80c2-362f-468e-98ab-7baa46e96874\";\nvar id = 7;\nvar subPath=\"/open/recommends/list/\" + id;\nvar inputvalues = fun.input(key, subPath);\nfun.list_requester(inputvalues, done);",
            "err": {},
            "isRoot": false,
            "uuid": "0f655b95-4c13-489f-9dc5-71eefbcc4788",
            "isHook": false,
            "skipped": false
          }
        ],
        "suites": [],
        "passes": [
          "0f655b95-4c13-489f-9dc5-71eefbcc4788"
        ],
        "failures": [],
        "pending": [],
        "skipped": [],
        "duration": 5586,
        "root": false,
        "rootEmpty": false,
        "_timeout": 60000
      },
      {
        "uuid": "f8f4b5a4-97ad-4491-8a6a-cd08268c55f7",
        "title": "Dermalogica Open matrix",
        "fullFile": "/Users/rahulmittapalli/Desktop/mochaChai/test/matrix.js",
        "file": "/test/matrix.js",
        "beforeHooks": [],
        "afterHooks": [],
        "tests": [
          {
            "title": "Open matrix Face Mapping Consumer",
            "fullTitle": "Dermalogica Open matrix Open matrix Face Mapping Consumer",
            "timedOut": false,
            "duration": 2107,
            "state": "passed",
            "speed": "slow",
            "pass": true,
            "fail": false,
            "pending": false,
            "code": "var count;\nvar key = \"ef75a003-8dff-4698-8e3a-445ef976b2f1\";\n//console.log(subPath);\nvar inputvalues = fun.input(key, subPath);\nfun.matrix_requester(inputvalues, done);",
            "err": {},
            "isRoot": false,
            "uuid": "471b433f-ca5d-4c1f-94a5-e8a9dced33bb",
            "isHook": false,
            "skipped": false
          },
          {
            "title": "Open matrix Face Mapping Trade",
            "fullTitle": "Dermalogica Open matrix Open matrix Face Mapping Trade",
            "timedOut": false,
            "duration": 0,
            "state": "failed",
            "pass": false,
            "fail": true,
            "pending": false,
            "code": "var count;\nvar key = \"9881d86c-65f1-447d-aa7f-31bcb9381f65\";\n//console.log(subPath);\nvar inputvalues = fun.input(key, subPath);\nfun.matrix_requester(inputvalues, done);",
            "err": {
              "message": "AssertionError: expected 0 to be above 1",
              "estack": "AssertionError: expected 0 to be above 1\n    at matrix_parameters (test/main.js:255:88)\n    at matrix_callback (test/main.js:186:5)\n    at Request._callback (test/main.js:194:5)\n    at Request.self.callback (node_modules/request/request.js:185:22)\n    at Request.<anonymous> (node_modules/request/request.js:1161:10)\n    at IncomingMessage.<anonymous> (node_modules/request/request.js:1083:12)\n    at endReadableNT (_stream_readable.js:1064:12)\n    at _combinedTickCallback (internal/process/next_tick.js:138:11)\n    at process._tickCallback (internal/process/next_tick.js:180:9)",
              "diff": "- 0\n+ 1\n"
            },
            "isRoot": false,
            "uuid": "ae3bf694-0639-4de0-8149-d2bc8b617527",
            "isHook": false,
            "skipped": false
          },
          {
            "title": "Open matrix BioLumin-C",
            "fullTitle": "Dermalogica Open matrix Open matrix BioLumin-C",
            "timedOut": false,
            "duration": 1744,
            "state": "passed",
            "speed": "slow",
            "pass": true,
            "fail": false,
            "pending": false,
            "code": "var count;\nvar key = \"f960530a-ba6f-463c-8f00-46e2071490f7\";\n//console.log(subPath);\nvar inputvalues = fun.input(key, subPath);\nfun.matrix_requester(inputvalues, done);",
            "err": {},
            "isRoot": false,
            "uuid": "3503baa9-67b2-42f5-917b-07c2a553af44",
            "isHook": false,
            "skipped": false
          },
          {
            "title": "Open matrix Rapid Reveal",
            "fullTitle": "Dermalogica Open matrix Open matrix Rapid Reveal",
            "timedOut": false,
            "duration": 3260,
            "state": "passed",
            "speed": "slow",
            "pass": true,
            "fail": false,
            "pending": false,
            "code": "var count;\nvar key = \"54d8f9eb-c0fc-4dee-a55b-3abde4e0c94e\";\n//console.log(subPath);\nvar inputvalues = fun.input(key, subPath);\nfun.matrix_requester(inputvalues, done);",
            "err": {},
            "isRoot": false,
            "uuid": "374d66fc-d853-4645-a67f-14f60e9cb4fb",
            "isHook": false,
            "skipped": false
          },
          {
            "title": "Open matrix FaceMapping.com",
            "fullTitle": "Dermalogica Open matrix Open matrix FaceMapping.com",
            "timedOut": false,
            "duration": 2223,
            "state": "passed",
            "speed": "slow",
            "pass": true,
            "fail": false,
            "pending": false,
            "code": "var count;\nvar key = \"5d24a390-b66e-4780-8d02-907bef2f778f\";\n//console.log(subPath);\nvar inputvalues = fun.input(key, subPath);\nfun.matrix_requester(inputvalues, done);",
            "err": {},
            "isRoot": false,
            "uuid": "d11ea583-6d4a-4005-b6ca-7860402d9fa3",
            "isHook": false,
            "skipped": false
          },
          {
            "title": "Open matrix Breakout predictor",
            "fullTitle": "Dermalogica Open matrix Open matrix Breakout predictor",
            "timedOut": false,
            "duration": 0,
            "state": "failed",
            "pass": false,
            "fail": true,
            "pending": false,
            "code": "var count;\nvar key = \"fbab80c2-362f-468e-98ab-7baa46e96874\";\n//console.log(subPath);\nvar inputvalues = fun.input(key, subPath);\nfun.matrix_requester(inputvalues, done);",
            "err": {
              "message": "AssertionError: expected 0 to be above 1",
              "estack": "AssertionError: expected 0 to be above 1\n    at matrix_parameters (test/main.js:255:88)\n    at matrix_callback (test/main.js:186:5)\n    at Request._callback (test/main.js:194:5)\n    at Request.self.callback (node_modules/request/request.js:185:22)\n    at Request.<anonymous> (node_modules/request/request.js:1161:10)\n    at IncomingMessage.<anonymous> (node_modules/request/request.js:1083:12)\n    at endReadableNT (_stream_readable.js:1064:12)\n    at _combinedTickCallback (internal/process/next_tick.js:138:11)\n    at process._tickCallback (internal/process/next_tick.js:180:9)",
              "diff": "- 0\n+ 1\n"
            },
            "isRoot": false,
            "uuid": "9df4405c-c074-493f-b489-d6bc7e855671",
            "isHook": false,
            "skipped": false
          }
        ],
        "suites": [],
        "passes": [
          "471b433f-ca5d-4c1f-94a5-e8a9dced33bb",
          "3503baa9-67b2-42f5-917b-07c2a553af44",
          "374d66fc-d853-4645-a67f-14f60e9cb4fb",
          "d11ea583-6d4a-4005-b6ca-7860402d9fa3"
        ],
        "failures": [
          "ae3bf694-0639-4de0-8149-d2bc8b617527",
          "9df4405c-c074-493f-b489-d6bc7e855671"
        ],
        "pending": [],
        "skipped": [],
        "duration": null,
        "root": false,
        "rootEmpty": false,
        "_timeout": 60000
      },
      {
        "uuid": "16f7f3dc-fef5-4a68-9205-334ff156cf3e",
        "title": "Dermalogica Open matrix",
        "fullFile": "/Users/rahulmittapalli/Desktop/mochaChai/test/matrixbyID.js",
        "file": "/test/matrixbyID.js",
        "beforeHooks": [],
        "afterHooks": [],
        "tests": [
          {
            "title": "Face Mapping Consumer by ID",
            "fullTitle": "Dermalogica Open matrix Face Mapping Consumer by ID",
            "timedOut": false,
            "duration": 10845,
            "state": "passed",
            "speed": "slow",
            "pass": true,
            "fail": false,
            "pending": false,
            "code": "var count;\nvar key = \"9881d86c-65f1-447d-aa7f-31bcb9381f65\";\nvar id = 9;\nvar subPath=\"/open/recommends/matrix/\" + id;\nvar inputvalues = fun.input(key, subPath);\nfun.matrix_requester(inputvalues, done);",
            "err": {},
            "isRoot": false,
            "uuid": "6353fa3a-990e-4f1f-ad8f-006092dcd225",
            "isHook": false,
            "skipped": false
          }
        ],
        "suites": [],
        "passes": [
          "6353fa3a-990e-4f1f-ad8f-006092dcd225"
        ],
        "failures": [],
        "pending": [],
        "skipped": [],
        "duration": 10845,
        "root": false,
        "rootEmpty": false,
        "_timeout": 60000
      },
      {
        "uuid": "5d388557-30fa-47ab-8e5d-430806be4325",
        "title": "Dermalogica Open Countries",
        "fullFile": "/Users/rahulmittapalli/Desktop/mochaChai/test/openallcountries.js",
        "file": "/test/openallcountries.js",
        "beforeHooks": [],
        "afterHooks": [],
        "tests": [
          {
            "title": "Open countries Face Mapping Consumer",
            "fullTitle": "Dermalogica Open Countries Open countries Face Mapping Consumer",
            "timedOut": false,
            "duration": 2955,
            "state": "passed",
            "speed": "slow",
            "pass": true,
            "fail": false,
            "pending": false,
            "code": "var key = \"ef75a003-8dff-4698-8e3a-445ef976b2f1\";\n//console.log(subPath);\nvar inputvalues = fun.input(key, subPath);\nfun.country_requester(inputvalues, done);",
            "err": {},
            "isRoot": false,
            "uuid": "e3f82066-9618-410c-9bb9-af9292b55b0d",
            "isHook": false,
            "skipped": false
          },
          {
            "title": "Open countries Face Mapping Trade",
            "fullTitle": "Dermalogica Open Countries Open countries Face Mapping Trade",
            "timedOut": false,
            "duration": 3746,
            "state": "passed",
            "speed": "slow",
            "pass": true,
            "fail": false,
            "pending": false,
            "code": "var key = \"9881d86c-65f1-447d-aa7f-31bcb9381f65\";\nvar inputvalues = fun.input(key, subPath);\nfun.country_requester(inputvalues, done);",
            "err": {},
            "isRoot": false,
            "uuid": "255578de-9121-431f-80d4-31c0679a05d6",
            "isHook": false,
            "skipped": false
          },
          {
            "title": "Open countries BioLumin-C",
            "fullTitle": "Dermalogica Open Countries Open countries BioLumin-C",
            "timedOut": false,
            "duration": 1777,
            "state": "passed",
            "speed": "slow",
            "pass": true,
            "fail": false,
            "pending": false,
            "code": "var key = \"f960530a-ba6f-463c-8f00-46e2071490f7\";\nvar inputvalues = fun.input(key, subPath);\nfun.country_requester(inputvalues, done);",
            "err": {},
            "isRoot": false,
            "uuid": "e91ea485-9809-4e4f-b81d-31eab1f2dd0e",
            "isHook": false,
            "skipped": false
          },
          {
            "title": "Open countries Rapid Reveal",
            "fullTitle": "Dermalogica Open Countries Open countries Rapid Reveal",
            "timedOut": false,
            "duration": 989,
            "state": "passed",
            "speed": "slow",
            "pass": true,
            "fail": false,
            "pending": false,
            "code": "var key = \"54d8f9eb-c0fc-4dee-a55b-3abde4e0c94e\";\nvar inputvalues = fun.input(key, subPath);\nfun.country_requester(inputvalues, done);",
            "err": {},
            "isRoot": false,
            "uuid": "4cb3db97-b384-4799-8e81-554e4ac5e74f",
            "isHook": false,
            "skipped": false
          },
          {
            "title": "Open countries FaceMapping.com",
            "fullTitle": "Dermalogica Open Countries Open countries FaceMapping.com",
            "timedOut": false,
            "duration": 2124,
            "state": "passed",
            "speed": "slow",
            "pass": true,
            "fail": false,
            "pending": false,
            "code": "var key = \"5d24a390-b66e-4780-8d02-907bef2f778f\";\nvar inputvalues = fun.input(key, subPath);\nfun.country_requester(inputvalues, done);",
            "err": {},
            "isRoot": false,
            "uuid": "78eb40df-0f31-4da2-9e35-8b4c4fae4602",
            "isHook": false,
            "skipped": false
          },
          {
            "title": "Open countries Breakout predictor",
            "fullTitle": "Dermalogica Open Countries Open countries Breakout predictor",
            "timedOut": false,
            "duration": 2285,
            "state": "passed",
            "speed": "slow",
            "pass": true,
            "fail": false,
            "pending": false,
            "code": "var key = \"fbab80c2-362f-468e-98ab-7baa46e96874\";\nvar inputvalues = fun.input(key, subPath);\nfun.country_requester(inputvalues, done);",
            "err": {},
            "isRoot": false,
            "uuid": "0e6918a6-f953-422b-af4e-2b4cf5d51218",
            "isHook": false,
            "skipped": false
          }
        ],
        "suites": [],
        "passes": [
          "e3f82066-9618-410c-9bb9-af9292b55b0d",
          "255578de-9121-431f-80d4-31c0679a05d6",
          "e91ea485-9809-4e4f-b81d-31eab1f2dd0e",
          "4cb3db97-b384-4799-8e81-554e4ac5e74f",
          "78eb40df-0f31-4da2-9e35-8b4c4fae4602",
          "0e6918a6-f953-422b-af4e-2b4cf5d51218"
        ],
        "failures": [],
        "pending": [],
        "skipped": [],
        "duration": 13876,
        "root": false,
        "rootEmpty": false,
        "_timeout": 10000
      },
      {
        "uuid": "92289931-a6c3-4291-9bba-aa192f42f0dd",
        "title": "Dermalogica Categories",
        "fullFile": "/Users/rahulmittapalli/Desktop/mochaChai/test/opencategories.js",
        "file": "/test/opencategories.js",
        "beforeHooks": [],
        "afterHooks": [],
        "tests": [
          {
            "title": "Open Categories",
            "fullTitle": "Dermalogica Categories Open Categories",
            "timedOut": false,
            "duration": 0,
            "state": "failed",
            "pass": false,
            "fail": true,
            "pending": false,
            "code": "var key = \"0000-00000-00000-0000\";\nvar inputvalues = fun.input(key, subPath);\nfun.category_requester(inputvalues, done);",
            "err": {
              "message": "AssertionError: expected { Object (name, description, ...) } to have own property 'categoryHasProducts'",
              "estack": "AssertionError: expected { Object (name, description, ...) } to have own property 'categoryHasProducts'\n    at bodyKeys.forEach (test/main.js:315:35)\n    at Array.forEach (<anonymous>)\n    at category_parameters (test/main.js:313:14)\n    at category_callback (test/main.js:297:3)\n    at Request._callback (test/main.js:303:5)\n    at Request.self.callback (node_modules/request/request.js:185:22)\n    at Request.<anonymous> (node_modules/request/request.js:1161:10)\n    at IncomingMessage.<anonymous> (node_modules/request/request.js:1083:12)\n    at endReadableNT (_stream_readable.js:1064:12)\n    at _combinedTickCallback (internal/process/next_tick.js:138:11)\n    at process._tickCallback (internal/process/next_tick.js:180:9)"
            },
            "isRoot": false,
            "uuid": "6a4ad918-fde4-4a09-ad80-c3fb63f361f2",
            "isHook": false,
            "skipped": false
          }
        ],
        "suites": [],
        "passes": [],
        "failures": [
          "6a4ad918-fde4-4a09-ad80-c3fb63f361f2"
        ],
        "pending": [],
        "skipped": [],
        "duration": null,
        "root": false,
        "rootEmpty": false,
        "_timeout": 25000
      },
      {
        "uuid": "409bda79-677d-4454-accf-f59549c993fa",
        "title": "Dermalogica Categories",
        "fullFile": "/Users/rahulmittapalli/Desktop/mochaChai/test/opencategoriesbyproducts.js",
        "file": "/test/opencategoriesbyproducts.js",
        "beforeHooks": [],
        "afterHooks": [],
        "tests": [
          {
            "title": "Open Categories by ID",
            "fullTitle": "Dermalogica Categories Open Categories by ID",
            "timedOut": false,
            "duration": 0,
            "state": "failed",
            "pass": false,
            "fail": true,
            "pending": false,
            "code": "var key = \"0000-00000-00000-0000\";\nvar id=5;\nvar subPath=\"/open/categories/productsByCategories/\" +id;\nvar inputvalues=fun.input(key,subPath);\nconsole.log(inputvalues);\nfun.category_requesterbyID(inputvalues,done);",
            "err": {
              "message": "AssertionError: expected 0 to be above 1",
              "estack": "AssertionError: expected 0 to be above 1\n    at category_parametersbyID (test/main.js:414:103)\n    at category_callbackbyID (test/main.js:338:3)\n    at Request._callback (test/main.js:344:5)\n    at Request.self.callback (node_modules/request/request.js:185:22)\n    at Request.<anonymous> (node_modules/request/request.js:1161:10)\n    at IncomingMessage.<anonymous> (node_modules/request/request.js:1083:12)\n    at endReadableNT (_stream_readable.js:1064:12)\n    at _combinedTickCallback (internal/process/next_tick.js:138:11)\n    at process._tickCallback (internal/process/next_tick.js:180:9)",
              "diff": "- 0\n+ 1\n"
            },
            "isRoot": false,
            "uuid": "1f069671-f419-4743-ba0b-be01c2b59db3",
            "isHook": false,
            "skipped": false
          }
        ],
        "suites": [],
        "passes": [],
        "failures": [
          "1f069671-f419-4743-ba0b-be01c2b59db3"
        ],
        "pending": [],
        "skipped": [],
        "duration": null,
        "root": false,
        "rootEmpty": false,
        "_timeout": 25000
      },
      {
        "uuid": "68d91ece-466f-4a5b-99f8-372ee9fc4775",
        "title": "Dermalogica open products",
        "fullFile": "/Users/rahulmittapalli/Desktop/mochaChai/test/openproducts.js",
        "file": "/test/openproducts.js",
        "beforeHooks": [],
        "afterHooks": [],
        "tests": [
          {
            "title": "Open products",
            "fullTitle": "Dermalogica open products Open products",
            "timedOut": false,
            "duration": 0,
            "state": "failed",
            "pass": false,
            "fail": true,
            "pending": false,
            "code": "var key = \"0000-00000-00000-0000\";\nvar inputvalues=fun.input(key,subPath);\n//console.log(inputvalues);\nfun.products_requester(inputvalues,done);",
            "err": {
              "message": "AssertionError: expected 0 to be above 1",
              "estack": "AssertionError: expected 0 to be above 1\n    at products_parameters (test/main.js:523:87)\n    at products_callback (test/main.js:452:3)\n    at Request._callback (test/main.js:458:5)\n    at Request.self.callback (node_modules/request/request.js:185:22)\n    at Request.<anonymous> (node_modules/request/request.js:1161:10)\n    at IncomingMessage.<anonymous> (node_modules/request/request.js:1083:12)\n    at endReadableNT (_stream_readable.js:1064:12)\n    at _combinedTickCallback (internal/process/next_tick.js:138:11)\n    at process._tickCallback (internal/process/next_tick.js:180:9)",
              "diff": "- 0\n+ 1\n"
            },
            "isRoot": false,
            "uuid": "e338dbdd-29f1-4297-8a12-6185f7d463b4",
            "isHook": false,
            "skipped": false
          }
        ],
        "suites": [],
        "passes": [],
        "failures": [
          "e338dbdd-29f1-4297-8a12-6185f7d463b4"
        ],
        "pending": [],
        "skipped": [],
        "duration": null,
        "root": false,
        "rootEmpty": false,
        "_timeout": 60000
      },
      {
        "uuid": "c3937d92-0f7d-485f-bc95-d4b38ce83073",
        "title": "Dermalogica Open products",
        "fullFile": "/Users/rahulmittapalli/Desktop/mochaChai/test/openproductsbyID.js",
        "file": "/test/openproductsbyID.js",
        "beforeHooks": [],
        "afterHooks": [],
        "tests": [
          {
            "title": "Open products by ID",
            "fullTitle": "Dermalogica Open products Open products by ID",
            "timedOut": false,
            "duration": 0,
            "state": "failed",
            "pass": false,
            "fail": true,
            "pending": false,
            "code": "var key = \"0000-00000-00000-0000\";\nvar productid = 1;\nvar subPath = \"/open/products/\" + productid;\n//console.log(subPath);\nvar inputvalues = fun.input(key, subPath);\n//console.log(inputvalues);\nfun.products_requester(inputvalues, done);",
            "err": {
              "message": "AssertionError: expected 0 to be above 1",
              "estack": "AssertionError: expected 0 to be above 1\n    at products_parameters (test/main.js:523:87)\n    at products_callback (test/main.js:452:3)\n    at Request._callback (test/main.js:458:5)\n    at Request.self.callback (node_modules/request/request.js:185:22)\n    at Request.<anonymous> (node_modules/request/request.js:1161:10)\n    at IncomingMessage.<anonymous> (node_modules/request/request.js:1083:12)\n    at endReadableNT (_stream_readable.js:1064:12)\n    at _combinedTickCallback (internal/process/next_tick.js:138:11)\n    at process._tickCallback (internal/process/next_tick.js:180:9)",
              "diff": "- 0\n+ 1\n"
            },
            "isRoot": false,
            "uuid": "347475eb-469e-49d1-9166-637be03a5a07",
            "isHook": false,
            "skipped": false
          }
        ],
        "suites": [],
        "passes": [],
        "failures": [
          "347475eb-469e-49d1-9166-637be03a5a07"
        ],
        "pending": [],
        "skipped": [],
        "duration": null,
        "root": false,
        "rootEmpty": false,
        "_timeout": 60000
      },
      {
        "uuid": "e6d520dd-a0ee-4b9b-ba85-0355bcbe6267",
        "title": "Dermalogica",
        "fullFile": "/Users/rahulmittapalli/Desktop/mochaChai/test/productsLandCC.js",
        "file": "/test/productsLandCC.js",
        "beforeHooks": [],
        "afterHooks": [],
        "tests": [
          {
            "title": "This should check for ALL Open products",
            "fullTitle": "Dermalogica This should check for ALL Open products",
            "timedOut": false,
            "duration": 0,
            "state": "failed",
            "pass": false,
            "fail": true,
            "pending": false,
            "code": "var key = \"0000-00000-00000-0000\";\nvar productid = 223;\nvar langCode = \"en-US\";\nvar subPath = \"/open/products/\" + productid + \"/\" + langCode;\n//console.log(subPath);\nvar inputvalues = fun.input(key, subPath);\n//console.log(inputvalues);\nfun.products_requester(inputvalues, done);",
            "err": {
              "message": "AssertionError: expected { priority: 1, product_id: 14 } to have own property 'products_id'",
              "estack": "AssertionError: expected { priority: 1, product_id: 14 } to have own property 'products_id'\n    at products_parameters (test/main.js:546:64)\n    at products_callback (test/main.js:452:3)\n    at Request._callback (test/main.js:458:5)\n    at Request.self.callback (node_modules/request/request.js:185:22)\n    at Request.<anonymous> (node_modules/request/request.js:1161:10)\n    at IncomingMessage.<anonymous> (node_modules/request/request.js:1083:12)\n    at endReadableNT (_stream_readable.js:1064:12)\n    at _combinedTickCallback (internal/process/next_tick.js:138:11)\n    at process._tickCallback (internal/process/next_tick.js:180:9)"
            },
            "isRoot": false,
            "uuid": "b12bbaf6-01fe-4e19-97b5-b6377a11730a",
            "isHook": false,
            "skipped": false
          }
        ],
        "suites": [],
        "passes": [],
        "failures": [
          "b12bbaf6-01fe-4e19-97b5-b6377a11730a"
        ],
        "pending": [],
        "skipped": [],
        "duration": null,
        "root": false,
        "rootEmpty": false,
        "_timeout": 60000
      }
    ],
    "passes": [],
    "failures": [],
    "pending": [],
    "skipped": [],
    "duration": 0,
    "root": true,
    "rootEmpty": true,
    "_timeout": 2000
  },
  "copyrightYear": 2018
}